<?xml version="1.0" encoding="UTF-8"?>
<!-- Generated by org.testng.reporters.JUnitXMLReporter -->
<testsuite hostname="mkrishnan" ignored="0" name="Post Requests" tests="33" failures="2" timestamp="25 Apr 2019 08:49:15 GMT" time="67.863" errors="0">
  <testcase name="getapnlistbycountryid" time="7.827" classname="apitests.com.avlview.app.POSTMethods.getapnlistbycountryidTest"/>
  <testcase name="getapnlistbyvehicleid" time="0.629" classname="apitests.com.avlview.app.POSTMethods.getapnlistbyvehicleidTest"/>
  <testcase name="getvehiclesbyplan" time="0.633" classname="apitests.com.avlview.app.POSTMethods.getvehiclesbyplanTest"/>
  <testcase name="getvehiclecurrentlocation" time="0.594" classname="apitests.com.avlview.app.POSTMethods.getvehiclecurrentlocationTest"/>
  <testcase name="getvehicleoverviewbyplan" time="0.948" classname="apitests.com.avlview.app.POSTMethods.getvehicleoverviewbyplanTest"/>
  <testcase name="getvehiclesnapshotinaccountbyplan" time="0.548" classname="apitests.com.avlview.app.POSTMethods.getvehiclesnapshotinaccountbyplanTest"/>
  <testcase name="getvehiclesnapshot" time="0.608" classname="apitests.com.avlview.app.POSTMethods.getvehiclesnapshotTest"/>
  <testcase name="getstoppedvehiclesbyplan" time="0.707" classname="apitests.com.avlview.app.POSTMethods.getstoppedvehiclesbyplanTest"/>
  <testcase name="getmovingvehiclesbyplan" time="0.627" classname="apitests.com.avlview.app.POSTMethods.getmovingvehiclesbyplanTest"/>
  <testcase name="getvehiclesoutofnetworkbyplan" time="0.553" classname="apitests.com.avlview.app.POSTMethods.getvehiclesoutofnetworkbyplanTest"/>
  <testcase name="getdisconnectedvehiclesbyplan" time="0.551" classname="apitests.com.avlview.app.POSTMethods.getdisconnectedvehiclesbyplanTest"/>
  <testcase name="getvehiclesnapshotbydate" time="0.585" classname="apitests.com.avlview.app.POSTMethods.getvehiclesnapshotbydateTest"/>
  <testcase name="getvehiclehistory" time="1.432" classname="apitests.com.avlview.app.POSTMethods.getvehiclehistoryTest"/>
  <testcase name="getnearbyvehicles" time="0.634" classname="apitests.com.avlview.app.POSTMethods.getnearbyvehiclesTest"/>
  <testcase name="getnearbyvehiclesbyplan" time="0.602" classname="apitests.com.avlview.app.POSTMethods.getnearbyvehiclesbyplanTest"/>
  <testcase name="getstoppagedetails" time="0.896" classname="apitests.com.avlview.app.POSTMethods.getstoppagedetailsTest"/>
  <testcase name="getvehiclesnapshotinaccountSG" time="0.704" classname="apitests.com.avlview.app.POSTMethods.getvehiclesnapshotinaccountSGTest"/>
  <testcase name="getWaypoints" time="0.536" classname="apitests.com.avlview.app.POSTMethods.getWaypointsTest"/>
  <testcase name="getAlertDetail" time="0.521" classname="apitests.com.avlview.app.POSTMethods.getAlertDetailTest"/>
  <testcase name="getTripDetails" time="0.606" classname="apitests.com.avlview.app.POSTMethods.getTripDetailsTest"/>
  <testcase name="getidlereport" time="0.565" classname="apitests.com.avlview.app.POSTMethods.getidlereportTest"/>
  <testcase name="getdailysummaryreport" time="1.608" classname="apitests.com.avlview.app.POSTMethods.getdailysummaryreportTest"/>
  <testcase name="getSummaryReport" time="1.36" classname="apitests.com.avlview.app.POSTMethods.getSummaryReportTest"/>
  <testcase name="getRawDataInTimeRange" time="1.299" classname="apitests.com.avlview.app.POSTMethods.getRawDataInTimeRangeTest"/>
  <testcase name="getactivevehiclesnapshotinaccountSG" time="0.539" classname="apitests.com.avlview.app.POSTMethods.getactivevehiclesnapshotinaccountSGTest"/>
  <testcase name="gettripdetailsSG" time="0.889" classname="apitests.com.avlview.app.POSTMethods.gettripdetailsSGTest">
    <failure type="org.json.JSONException" message="JSONObject[&amp;quot;tripdetails&amp;quot;] is not a JSONArray.">
      <![CDATA[org.json.JSONException: JSONObject["tripdetails"] is not a JSONArray.
at org.json.JSONObject.getJSONArray(JSONObject.java:622)
at apitests.com.avlview.app.POSTMethods.gettripdetailsSGTest.gettripdetailsSG(gettripdetailsSGTest.java:86)
... Removed 25 stack frames]]>
    </failure>
  </testcase> <!-- gettripdetailsSG -->
  <testcase name="getvehiclehistorySG" time="0.608" classname="apitests.com.avlview.app.POSTMethods.getvehiclehistorySGTest"/>
  <testcase name="addgroup" time="15.331" classname="apitests.com.avlview.app.POSTMethods.addgroupTest"/>
  <testcase name="adddriver" time="15.898" classname="apitests.com.avlview.app.POSTMethods.adddriverTest"/>
  <testcase name="saveFenceZone" time="5.697" classname="apitests.com.avlview.app.POSTMethods.saveFenceZoneTest"/>
  <testcase name="addorgunit" time="0.705" classname="apitests.com.avlview.app.POSTMethods.addorgunitTest"/>
  <testcase name="createDriverDispatchTask" time="1.635" classname="apitests.com.avlview.app.POSTMethods.createDriverDispatchTaskTest"/>
  <testcase name="addvehicle" time="0.61" classname="apitests.com.avlview.app.POSTMethods.addvehicleTest">
    <failure type="java.lang.AssertionError" message="expected [200] but found [500]">
      <![CDATA[java.lang.AssertionError: expected [200] but found [500]
at apitests.com.avlview.app.POSTMethods.addvehicleTest.addvehicle(addvehicleTest.java:74)
... Removed 31 stack frames]]>
    </failure>
  </testcase> <!-- addvehicle -->
</testsuite> <!-- Post Requests -->
